This file contains any messages produced by compilers while
running configure, to aid debugging if configure makes a mistake.

It was created by GLPK configure 4.57, which was
generated by GNU Autoconf 2.69.  Invocation command line was

  $ ./configure --host=none-none-none

## --------- ##
## Platform. ##
## --------- ##

hostname = localhost.localdomain
uname -m = x86_64
uname -r = 4.1.9-pclos1
uname -s = Linux
uname -v = #1 SMP Tue Sep 29 19:32:30 CDT 2015

/usr/bin/uname -p = unknown
/bin/uname -X     = unknown

/bin/arch              = unknown
/usr/bin/arch -k       = unknown
/usr/convex/getsysinfo = unknown
/usr/bin/hostinfo      = unknown
/bin/machine           = unknown
/usr/bin/oslevel       = unknown
/bin/universe          = unknown

PATH: /home/jv/dev/emsdk_portable/emscripten/tag-1.34.4/system/bin
PATH: /usr/bin
PATH: /bin
PATH: /usr/local/bin
PATH: /usr/X11R6/bin/
PATH: /usr/games
PATH: /usr/lib/kde4/libexec
PATH: sbin
PATH: /usr/sbin
PATH: /usr/lib64/qt4/bin
PATH: /usr/lib64/qt5/bin
PATH: /usr/bin
PATH: /usr/sbin
PATH: /usr/lib64/kde4/libexec
PATH: /bin
PATH: /sbin
PATH: /usr/X11R6/bin
PATH: /usr/games
PATH: /usr/local/bin
PATH: /usr/local/sbin
PATH: /home/jv/dev/emsdk_portable/emscripten/tag-1.34.4
PATH: /home/jv/dev/scipoptsuite-3.1.0/scip-3.1.0/bin/
PATH: /home/jv/dev/scipoptsuite-3.1.0/zimpl-3.3.2/bin/
PATH: /home/jv/dev/scipoptsuite-3.1.0/ug-0.7.3/bin/
PATH: /home/jv/usr/local/lib/node_modules/npm/bin/node-gyp-bin
PATH: /home/jv/bin
PATH: /usr/lib64/qt5/bin
PATH: /usr/bin
PATH: /usr/sbin
PATH: /usr/lib64/kde4/libexec
PATH: /bin
PATH: /sbin
PATH: /usr/X11R6/bin
PATH: /usr/games
PATH: /usr/local/bin
PATH: /usr/local/sbin
PATH: /home/jv/dev/emsdk_portable/emscripten/tag-1.34.4
PATH: /home/jv/dev/scipoptsuite-3.1.0/scip-3.1.0/bin/
PATH: /home/jv/dev/scipoptsuite-3.1.0/zimpl-3.3.2/bin/
PATH: /home/jv/dev/scipoptsuite-3.1.0/ug-0.7.3/bin/
PATH: /home/jv/usr/local/lib/node_modules/npm/bin/node-gyp-bin


## ----------- ##
## Core tests. ##
## ----------- ##

configure:2256: checking for a BSD-compatible install
configure:2324: result: /usr/bin/install -c
configure:2335: checking whether build environment is sane
configure:2390: result: yes
configure:2449: checking for none-none-none-strip
configure:2479: result: no
configure:2489: checking for strip
configure:2505: found /usr/bin/strip
configure:2516: result: strip
configure:2541: checking for a thread-safe mkdir -p
configure:2580: result: /bin/mkdir -p
configure:2587: checking for gawk
configure:2603: found /usr/bin/gawk
configure:2614: result: gawk
configure:2625: checking whether make sets $(MAKE)
configure:2647: result: yes
configure:2794: checking for none-none-none-gcc
configure:2821: result: /home/jv/dev/emsdk_portable/emscripten/tag-1.34.4/emcc
configure:3090: checking for C compiler version
configure:3099: /home/jv/dev/emsdk_portable/emscripten/tag-1.34.4/emcc --version >&5
emcc (Emscripten gcc/clang-like replacement) 1.34.4 ()
Copyright (C) 2014 the Emscripten authors (see AUTHORS.txt)
This is free and open source software under the MIT license.
There is NO warranty; not even for MERCHANTABILITY or FITNESS FOR A PARTICULAR PURPOSE.
  
configure:3110: $? = 0
configure:3099: /home/jv/dev/emsdk_portable/emscripten/tag-1.34.4/emcc -v >&5
emcc (Emscripten gcc/clang-like replacement + linker emulating GNU ld) 1.34.4
clang version 3.7.0 
Target: x86_64-unknown-linux-gnu
Thread model: posix
INFO     root: [32m(Emscripten: Running sanity checks)[0m
configure:3110: $? = 0
configure:3099: /home/jv/dev/emsdk_portable/emscripten/tag-1.34.4/emcc -V >&5
ERROR    root: [31mno input files
note that input files without a known suffix are ignored, make sure your input files end with one of: ('.c', '.C', '.i', '.cpp', '.cxx', '.cc', '.c++', '.CPP', '.CXX', '.CC', '.C++', '.ii', '.m', '.mi', '.mm', '.mii', '/dev/null', '.bc', '.o', '.obj', '.lo', '.dylib', '.so', '.a', '.ll', '.h', '.hxx', '.hpp', '.hh', '.H', '.HXX', '.HPP', '.HH')[0m
configure:3110: $? = 1
configure:3099: /home/jv/dev/emsdk_portable/emscripten/tag-1.34.4/emcc -qversion >&5
ERROR    root: [31mno input files
note that input files without a known suffix are ignored, make sure your input files end with one of: ('.c', '.C', '.i', '.cpp', '.cxx', '.cc', '.c++', '.CPP', '.CXX', '.CC', '.C++', '.ii', '.m', '.mi', '.mm', '.mii', '/dev/null', '.bc', '.o', '.obj', '.lo', '.dylib', '.so', '.a', '.ll', '.h', '.hxx', '.hpp', '.hh', '.H', '.HXX', '.HPP', '.HH')[0m
configure:3110: $? = 1
configure:3130: checking whether the C compiler works
configure:3152: /home/jv/dev/emsdk_portable/emscripten/tag-1.34.4/emcc    conftest.c  >&5
configure:3156: $? = 0
configure:3204: result: yes
configure:3207: checking for C compiler default output file name
configure:3209: result: a.out
configure:3215: checking for suffix of executables
configure:3222: /home/jv/dev/emsdk_portable/emscripten/tag-1.34.4/emcc -o conftest    conftest.c  >&5
configure:3226: $? = 0
configure:3248: result: 
configure:3270: checking whether we are cross compiling
configure:3278: /home/jv/dev/emsdk_portable/emscripten/tag-1.34.4/emcc -o conftest    conftest.c  >&5
/usr/bin/ld: cannot find crtbegin.o: No such file or directory
/usr/bin/ld: cannot find -lgcc
clang-3.7: error: linker command failed with exit code 1 (use -v to see invocation)
configure:3282: $? = 1
configure:3289: ./conftest
./configure: line 3291: ./conftest: No such file or directory
configure:3293: $? = 127
configure:3308: result: yes
configure:3313: checking for suffix of object files
configure:3335: /home/jv/dev/emsdk_portable/emscripten/tag-1.34.4/emcc -c   conftest.c >&5
configure:3339: $? = 0
configure:3360: result: o
configure:3364: checking whether we are using the GNU C compiler
configure:3383: /home/jv/dev/emsdk_portable/emscripten/tag-1.34.4/emcc -c   conftest.c >&5
configure:3383: $? = 0
configure:3392: result: yes
configure:3401: checking whether /home/jv/dev/emsdk_portable/emscripten/tag-1.34.4/emcc accepts -g
configure:3421: /home/jv/dev/emsdk_portable/emscripten/tag-1.34.4/emcc -c -g  conftest.c >&5
configure:3421: $? = 0
configure:3462: result: yes
configure:3479: checking for /home/jv/dev/emsdk_portable/emscripten/tag-1.34.4/emcc option to accept ISO C89
configure:3542: /home/jv/dev/emsdk_portable/emscripten/tag-1.34.4/emcc  -c   conftest.c >&5
configure:3542: $? = 0
configure:3555: result: none needed
configure:3586: checking for style of include used by make
configure:3614: result: GNU
configure:3640: checking dependency style of /home/jv/dev/emsdk_portable/emscripten/tag-1.34.4/emcc
configure:3751: result: gcc3
configure:3796: checking build system type
configure:3810: result: x86_64-unknown-linux-gnu
configure:3830: checking host system type
configure:3843: result: none-none-none
configure:3884: checking how to print strings
configure:3911: result: printf
configure:3932: checking for a sed that does not truncate output
configure:3996: result: /bin/sed
configure:4014: checking for grep that handles long lines and -e
configure:4072: result: /bin/grep
configure:4077: checking for egrep
configure:4139: result: /bin/grep -E
configure:4144: checking for fgrep
configure:4206: result: /bin/grep -F
configure:4241: checking for ld used by /home/jv/dev/emsdk_portable/emscripten/tag-1.34.4/emcc
ERROR    root: [31mno input files
note that input files without a known suffix are ignored, make sure your input files end with one of: ('.c', '.C', '.i', '.cpp', '.cxx', '.cc', '.c++', '.CPP', '.CXX', '.CC', '.C++', '.ii', '.m', '.mi', '.mm', '.mii', '/dev/null', '.bc', '.o', '.obj', '.lo', '.dylib', '.so', '.a', '.ll', '.h', '.hxx', '.hpp', '.hh', '.H', '.HXX', '.HPP', '.HH')[0m
configure:4308: result: /home/jv/dev/emsdk_portable/emscripten/tag-1.34.4/emcc
configure:4315: checking if the linker (/home/jv/dev/emsdk_portable/emscripten/tag-1.34.4/emcc) is GNU ld
configure:4330: result: yes
configure:4342: checking for BSD- or MS-compatible name lister (nm)
configure:4391: result: no
configure:4405: checking for none-none-none-dumpbin
configure:4435: result: no
configure:4405: checking for none-none-none-link
configure:4435: result: no
configure:4449: checking for dumpbin
configure:4479: result: no
configure:4449: checking for link
configure:4465: found /bin/link
configure:4476: result: link -dump
configure:4492: WARNING: using cross tools not prefixed with host triplet
configure:4521: checking the name lister (nm) interface
configure:4528: /home/jv/dev/emsdk_portable/emscripten/tag-1.34.4/emcc -c   conftest.c >&5
configure:4531: nm "conftest.o"
nm: conftest.o: File format not recognized
configure:4534: output
configure:4541: result: BSD nm
configure:4544: checking whether ln -s works
configure:4548: result: yes
configure:4556: checking the maximum length of command line arguments
configure:4681: result: 1572864
configure:4698: checking whether the shell understands some XSI constructs
configure:4708: result: yes
configure:4712: checking whether the shell understands "+="
configure:4718: result: yes
configure:4753: checking how to convert x86_64-unknown-linux-gnu file names to none-none-none format
configure:4793: result: func_convert_file_noop
configure:4800: checking how to convert x86_64-unknown-linux-gnu file names to toolchain format
configure:4820: result: func_convert_file_noop
configure:4827: checking for /home/jv/dev/emsdk_portable/emscripten/tag-1.34.4/emcc option to reload object files
configure:4834: result: -r
configure:4868: checking for none-none-none-objdump
configure:4898: result: no
configure:4908: checking for objdump
configure:4924: found /usr/bin/objdump
configure:4935: result: objdump
configure:4967: checking how to recognize dependent libraries
configure:5169: result: unknown
configure:5214: checking for none-none-none-dlltool
configure:5244: result: no
configure:5254: checking for dlltool
configure:5284: result: no
configure:5314: checking how to associate runtime and link libraries
configure:5341: result: printf %s\n
configure:5358: checking for none-none-none-ar
configure:5385: result: /home/jv/dev/emsdk_portable/emscripten/tag-1.34.4/emar
configure:5466: checking for archiver @FILE support
configure:5483: /home/jv/dev/emsdk_portable/emscripten/tag-1.34.4/emcc -c   conftest.c >&5
configure:5483: $? = 0
configure:5486: /home/jv/dev/emsdk_portable/emscripten/tag-1.34.4/emar cru libconftest.a @conftest.lst >&5
configure:5489: $? = 0
configure:5494: /home/jv/dev/emsdk_portable/emscripten/tag-1.34.4/emar cru libconftest.a @conftest.lst >&5
/home/jv/dev/emsdk_portable/clang/tag-e1.34.4/build_tag-e1.34.4_64/bin/llvm-ar: conftest.o: No such file or directory.
configure:5497: $? = 0
configure:5509: result: no
configure:5527: checking for none-none-none-strip
configure:5554: result: strip
configure:5626: checking for none-none-none-ranlib
configure:5653: result: /home/jv/dev/emsdk_portable/emscripten/tag-1.34.4/emranlib
configure:5795: checking command to parse nm output from /home/jv/dev/emsdk_portable/emscripten/tag-1.34.4/emcc object
configure:5914: /home/jv/dev/emsdk_portable/emscripten/tag-1.34.4/emcc -c   conftest.c >&5
configure:5917: $? = 0
configure:5921: nm conftest.o \| sed -n -e 's/^.*[ ]\([ABCDGIRSTW][ABCDGIRSTW]*\)[ ][ ]*\([_A-Za-z][_A-Za-z0-9]*\)$/\1 \2 \2/p' | sed '/ __gnu_lto/d' \> conftest.nm
nm: conftest.o: File format not recognized
configure:5924: $? = 0
cannot run sed -n -e 's/^.*[	 ]\([ABCDGIRSTW][ABCDGIRSTW]*\)[	 ][	 ]*\([_A-Za-z][_A-Za-z0-9]*\)$/\1 \2 \2/p' | sed '/ __gnu_lto/d'
configure:5914: /home/jv/dev/emsdk_portable/emscripten/tag-1.34.4/emcc -c   conftest.c >&5
configure:5917: $? = 0
configure:5921: nm conftest.o \| sed -n -e 's/^.*[ ]\([ABCDGIRSTW][ABCDGIRSTW]*\)[ ][ ]*_\([_A-Za-z][_A-Za-z0-9]*\)$/\1 _\2 \2/p' | sed '/ __gnu_lto/d' \> conftest.nm
nm: conftest.o: File format not recognized
configure:5924: $? = 0
cannot run sed -n -e 's/^.*[	 ]\([ABCDGIRSTW][ABCDGIRSTW]*\)[	 ][	 ]*_\([_A-Za-z][_A-Za-z0-9]*\)$/\1 _\2 \2/p' | sed '/ __gnu_lto/d'
configure:6028: result: failed
configure:6068: checking for sysroot
configure:6098: result: no
configure:6301: checking for none-none-none-mt
configure:6331: result: no
configure:6341: checking for mt
configure:6371: result: no
configure:6391: checking if : is a manifest tool
configure:6397: : '-?'
configure:6405: result: no
configure:7037: checking how to run the C preprocessor
configure:7068: /home/jv/dev/emsdk_portable/emscripten/tag-1.34.4/emcc -E  conftest.c
configure:7068: $? = 0
configure:7082: /home/jv/dev/emsdk_portable/emscripten/tag-1.34.4/emcc -E  conftest.c
conftest.c:11:10: fatal error: 'ac_nonexistent.h' file not found
#include <ac_nonexistent.h>
         ^
1 error generated.
configure:7082: $? = 1
configure: failed program was:
| /* confdefs.h */
| #define PACKAGE_NAME "GLPK"
| #define PACKAGE_TARNAME "glpk"
| #define PACKAGE_VERSION "4.57"
| #define PACKAGE_STRING "GLPK 4.57"
| #define PACKAGE_BUGREPORT "bug-glpk@gnu.org"
| #define PACKAGE_URL ""
| #define PACKAGE "glpk"
| #define VERSION "4.57"
| /* end confdefs.h.  */
| #include <ac_nonexistent.h>
configure:7107: result: /home/jv/dev/emsdk_portable/emscripten/tag-1.34.4/emcc -E
configure:7127: /home/jv/dev/emsdk_portable/emscripten/tag-1.34.4/emcc -E  conftest.c
configure:7127: $? = 0
configure:7141: /home/jv/dev/emsdk_portable/emscripten/tag-1.34.4/emcc -E  conftest.c
conftest.c:11:10: fatal error: 'ac_nonexistent.h' file not found
#include <ac_nonexistent.h>
         ^
1 error generated.
configure:7141: $? = 1
configure: failed program was:
| /* confdefs.h */
| #define PACKAGE_NAME "GLPK"
| #define PACKAGE_TARNAME "glpk"
| #define PACKAGE_VERSION "4.57"
| #define PACKAGE_STRING "GLPK 4.57"
| #define PACKAGE_BUGREPORT "bug-glpk@gnu.org"
| #define PACKAGE_URL ""
| #define PACKAGE "glpk"
| #define VERSION "4.57"
| /* end confdefs.h.  */
| #include <ac_nonexistent.h>
configure:7170: checking for ANSI C header files
configure:7190: /home/jv/dev/emsdk_portable/emscripten/tag-1.34.4/emcc -c   conftest.c >&5
configure:7190: $? = 0
configure:7274: result: yes
configure:7287: checking for sys/types.h
configure:7287: /home/jv/dev/emsdk_portable/emscripten/tag-1.34.4/emcc -c   conftest.c >&5
configure:7287: $? = 0
configure:7287: result: yes
configure:7287: checking for sys/stat.h
configure:7287: /home/jv/dev/emsdk_portable/emscripten/tag-1.34.4/emcc -c   conftest.c >&5
configure:7287: $? = 0
configure:7287: result: yes
configure:7287: checking for stdlib.h
configure:7287: /home/jv/dev/emsdk_portable/emscripten/tag-1.34.4/emcc -c   conftest.c >&5
configure:7287: $? = 0
configure:7287: result: yes
configure:7287: checking for string.h
configure:7287: /home/jv/dev/emsdk_portable/emscripten/tag-1.34.4/emcc -c   conftest.c >&5
configure:7287: $? = 0
configure:7287: result: yes
configure:7287: checking for memory.h
configure:7287: /home/jv/dev/emsdk_portable/emscripten/tag-1.34.4/emcc -c   conftest.c >&5
configure:7287: $? = 0
configure:7287: result: yes
configure:7287: checking for strings.h
configure:7287: /home/jv/dev/emsdk_portable/emscripten/tag-1.34.4/emcc -c   conftest.c >&5
configure:7287: $? = 0
configure:7287: result: yes
configure:7287: checking for inttypes.h
configure:7287: /home/jv/dev/emsdk_portable/emscripten/tag-1.34.4/emcc -c   conftest.c >&5
configure:7287: $? = 0
configure:7287: result: yes
configure:7287: checking for stdint.h
configure:7287: /home/jv/dev/emsdk_portable/emscripten/tag-1.34.4/emcc -c   conftest.c >&5
configure:7287: $? = 0
configure:7287: result: yes
configure:7287: checking for unistd.h
configure:7287: /home/jv/dev/emsdk_portable/emscripten/tag-1.34.4/emcc -c   conftest.c >&5
configure:7287: $? = 0
configure:7287: result: yes
configure:7301: checking for dlfcn.h
configure:7301: /home/jv/dev/emsdk_portable/emscripten/tag-1.34.4/emcc -c   conftest.c >&5
configure:7301: $? = 0
configure:7301: result: yes
configure:7488: checking for objdir
configure:7503: result: .libs
configure:7774: checking if /home/jv/dev/emsdk_portable/emscripten/tag-1.34.4/emcc supports -fno-rtti -fno-exceptions
configure:7792: /home/jv/dev/emsdk_portable/emscripten/tag-1.34.4/emcc -c   -fno-rtti -fno-exceptions conftest.c >&5
configure:7796: $? = 0
configure:7809: result: yes
configure:8119: checking for /home/jv/dev/emsdk_portable/emscripten/tag-1.34.4/emcc option to produce PIC
configure:8126: result: -fPIC -DPIC
configure:8134: checking if /home/jv/dev/emsdk_portable/emscripten/tag-1.34.4/emcc PIC flag -fPIC -DPIC works
configure:8152: /home/jv/dev/emsdk_portable/emscripten/tag-1.34.4/emcc -c   -fPIC -DPIC -DPIC conftest.c >&5
configure:8156: $? = 0
configure:8169: result: yes
configure:8198: checking if /home/jv/dev/emsdk_portable/emscripten/tag-1.34.4/emcc static flag -static works
configure:8226: result: yes
configure:8241: checking if /home/jv/dev/emsdk_portable/emscripten/tag-1.34.4/emcc supports -c -o file.o
configure:8262: /home/jv/dev/emsdk_portable/emscripten/tag-1.34.4/emcc -c   -o out/conftest2.o conftest.c >&5
configure:8266: $? = 0
configure:8288: result: yes
configure:8296: checking if /home/jv/dev/emsdk_portable/emscripten/tag-1.34.4/emcc supports -c -o file.o
configure:8343: result: yes
configure:8376: checking whether the /home/jv/dev/emsdk_portable/emscripten/tag-1.34.4/emcc linker (/home/jv/dev/emsdk_portable/emscripten/tag-1.34.4/emcc) supports shared libraries
configure:9534: result: yes
configure:9571: checking whether -lc should be explicitly linked in
configure:9579: /home/jv/dev/emsdk_portable/emscripten/tag-1.34.4/emcc -c   conftest.c >&5
configure:9582: $? = 0
configure:9597: /home/jv/dev/emsdk_portable/emscripten/tag-1.34.4/emcc -shared  -fPIC -DPIC conftest.o  -v -Wl,-soname -Wl,conftest -o conftest 2\>\&1 \| /bin/grep  -lc  \>/dev/null 2\>\&1
configure:9600: $? = 1
configure:9614: result: yes
configure:9779: checking dynamic linker characteristics
configure:10515: result: no
configure:10622: checking how to hardcode library paths into programs
configure:10647: result: immediate
configure:11187: checking whether stripping libraries is possible
configure:11192: result: yes
configure:11227: checking if libtool supports shared libraries
configure:11229: result: no
configure:11232: checking whether to build shared libraries
configure:11253: result: no
configure:11256: checking whether to build static libraries
configure:11260: result: yes
configure:11296: checking for exp in -lm
configure:11321: /home/jv/dev/emsdk_portable/emscripten/tag-1.34.4/emcc -o conftest    conftest.c -lm   >&5
conftest.c:30:6: warning: incompatible redeclaration of library function 'exp' [-Wincompatible-library-redeclaration]
char exp ();
     ^
conftest.c:30:6: note: 'exp' is a builtin with type 'double (double)'
1 warning generated.
[0;33mwarning:[0m unexpected number of arguments 0 in call to 'exp', should be 1
configure:11321: $? = 0
configure:11330: result: yes
configure:11342: checking sys/time.h usability
configure:11342: /home/jv/dev/emsdk_portable/emscripten/tag-1.34.4/emcc -c   conftest.c >&5
configure:11342: $? = 0
configure:11342: result: yes
configure:11342: checking sys/time.h presence
configure:11342: /home/jv/dev/emsdk_portable/emscripten/tag-1.34.4/emcc -E  conftest.c
configure:11342: $? = 0
configure:11342: result: yes
configure:11342: checking for sys/time.h
configure:11342: result: yes
configure:11351: checking for gettimeofday
configure:11351: /home/jv/dev/emsdk_portable/emscripten/tag-1.34.4/emcc -o conftest    conftest.c -lm  >&5
[0;33mwarning:[0m unexpected number of arguments 0 in call to 'gettimeofday', should be 1
configure:11351: $? = 0
configure:11351: result: yes
configure:11370: checking whether to use GNU MP bignum library
configure:11380: result: no
configure:11384: checking whether to enable shared library support
configure:11407: result: no
configure:11424: checking whether to enable MathProg ODBC support
configure:11450: result: no
configure:11454: checking whether to enable MathProg MySQL support
configure:11469: result: no
configure:11584: checking that generated files are newer than configure
configure:11590: result: done
configure:11613: creating ./config.status

## ---------------------- ##
## Running config.status. ##
## ---------------------- ##

This file was extended by GLPK config.status 4.57, which was
generated by GNU Autoconf 2.69.  Invocation command line was

  CONFIG_FILES    = 
  CONFIG_HEADERS  = 
  CONFIG_LINKS    = 
  CONFIG_COMMANDS = 
  $ ./config.status 

on localhost.localdomain

config.status:1078: creating src/Makefile
config.status:1078: creating examples/Makefile
config.status:1078: creating Makefile
config.status:1078: creating config.h
config.status:1307: executing depfiles commands
config.status:1307: executing libtool commands

## ---------------- ##
## Cache variables. ##
## ---------------- ##

ac_cv_build=x86_64-unknown-linux-gnu
ac_cv_c_compiler_gnu=yes
ac_cv_env_CC_set=set
ac_cv_env_CC_value=/home/jv/dev/emsdk_portable/emscripten/tag-1.34.4/emcc
ac_cv_env_CFLAGS_set=set
ac_cv_env_CFLAGS_value=
ac_cv_env_CPPFLAGS_set=
ac_cv_env_CPPFLAGS_value=
ac_cv_env_CPP_set=
ac_cv_env_CPP_value=
ac_cv_env_LDFLAGS_set=
ac_cv_env_LDFLAGS_value=
ac_cv_env_LIBS_set=
ac_cv_env_LIBS_value=
ac_cv_env_build_alias_set=
ac_cv_env_build_alias_value=
ac_cv_env_host_alias_set=set
ac_cv_env_host_alias_value=none-none-none
ac_cv_env_target_alias_set=
ac_cv_env_target_alias_value=
ac_cv_func_gettimeofday=yes
ac_cv_header_dlfcn_h=yes
ac_cv_header_inttypes_h=yes
ac_cv_header_memory_h=yes
ac_cv_header_stdc=yes
ac_cv_header_stdint_h=yes
ac_cv_header_stdlib_h=yes
ac_cv_header_string_h=yes
ac_cv_header_strings_h=yes
ac_cv_header_sys_stat_h=yes
ac_cv_header_sys_time_h=yes
ac_cv_header_sys_types_h=yes
ac_cv_header_unistd_h=yes
ac_cv_host=none-none-none
ac_cv_lib_m_exp=yes
ac_cv_objext=o
ac_cv_path_EGREP='/bin/grep -E'
ac_cv_path_FGREP='/bin/grep -F'
ac_cv_path_GREP=/bin/grep
ac_cv_path_SED=/bin/sed
ac_cv_path_install='/usr/bin/install -c'
ac_cv_path_mkdir=/bin/mkdir
ac_cv_prog_AR=/home/jv/dev/emsdk_portable/emscripten/tag-1.34.4/emar
ac_cv_prog_AWK=gawk
ac_cv_prog_CC=/home/jv/dev/emsdk_portable/emscripten/tag-1.34.4/emcc
ac_cv_prog_CPP='/home/jv/dev/emsdk_portable/emscripten/tag-1.34.4/emcc -E'
ac_cv_prog_RANLIB=/home/jv/dev/emsdk_portable/emscripten/tag-1.34.4/emranlib
ac_cv_prog_STRIP=strip
ac_cv_prog_ac_ct_DUMPBIN='link -dump'
ac_cv_prog_ac_ct_OBJDUMP=objdump
ac_cv_prog_ac_ct_STRIP=strip
ac_cv_prog_cc_c89=
ac_cv_prog_cc_g=yes
ac_cv_prog_make_make_set=yes
am_cv_CC_dependencies_compiler_type=gcc3
lt_cv_ar_at_file=no
lt_cv_archive_cmds_need_lc=yes
lt_cv_deplibs_check_method=unknown
lt_cv_file_magic_cmd='$MAGIC_CMD'
lt_cv_file_magic_test_file=
lt_cv_ld_reload_flag=-r
lt_cv_nm_interface='BSD nm'
lt_cv_objdir=.libs
lt_cv_path_LD=/home/jv/dev/emsdk_portable/emscripten/tag-1.34.4/emcc
lt_cv_path_NM=no
lt_cv_path_mainfest_tool=no
lt_cv_prog_compiler_c_o=yes
lt_cv_prog_compiler_pic='-fPIC -DPIC'
lt_cv_prog_compiler_pic_works=yes
lt_cv_prog_compiler_rtti_exceptions=yes
lt_cv_prog_compiler_static_works=yes
lt_cv_prog_gnu_ld=yes
lt_cv_sharedlib_from_linklib_cmd='printf %s\n'
lt_cv_sys_global_symbol_pipe=
lt_cv_sys_global_symbol_to_c_name_address='sed -n -e '\''s/^: \([^ ]*\)[ ]*$/  {\"\1\", (void *) 0},/p'\'' -e '\''s/^[ABCDGIRSTW]* \([^ ]*\) \([^ ]*\)$/  {"\2", (void *) \&\2},/p'\'''
lt_cv_sys_global_symbol_to_c_name_address_lib_prefix='sed -n -e '\''s/^: \([^ ]*\)[ ]*$/  {\"\1\", (void *) 0},/p'\'' -e '\''s/^[ABCDGIRSTW]* \([^ ]*\) \(lib[^ ]*\)$/  {"\2", (void *) \&\2},/p'\'' -e '\''s/^[ABCDGIRSTW]* \([^ ]*\) \([^ ]*\)$/  {"lib\2", (void *) \&\2},/p'\'''
lt_cv_sys_global_symbol_to_cdecl=
lt_cv_sys_max_cmd_len=1572864
lt_cv_to_host_file_cmd=func_convert_file_noop
lt_cv_to_tool_file_cmd=func_convert_file_noop

## ----------------- ##
## Output variables. ##
## ----------------- ##

ACLOCAL='${SHELL} /home/jv/git/glpk.js/glpk-4.57/missing --run aclocal-1.12'
AMDEPBACKSLASH='\'
AMDEP_FALSE='#'
AMDEP_TRUE=''
AMTAR='$${TAR-tar}'
AR='/home/jv/dev/emsdk_portable/emscripten/tag-1.34.4/emar'
AUTOCONF='${SHELL} /home/jv/git/glpk.js/glpk-4.57/missing --run autoconf'
AUTOHEADER='${SHELL} /home/jv/git/glpk.js/glpk-4.57/missing --run autoheader'
AUTOMAKE='${SHELL} /home/jv/git/glpk.js/glpk-4.57/missing --run automake-1.12'
AWK='gawk'
CC='/home/jv/dev/emsdk_portable/emscripten/tag-1.34.4/emcc'
CCDEPMODE='depmode=gcc3'
CFLAGS=''
CPP='/home/jv/dev/emsdk_portable/emscripten/tag-1.34.4/emcc -E'
CPPFLAGS=''
CYGPATH_W='echo'
DEFS='-DHAVE_CONFIG_H'
DEPDIR='.deps'
DLLTOOL='false'
DSYMUTIL=''
DUMPBIN=':'
ECHO_C=''
ECHO_N='-n'
ECHO_T=''
EGREP='/bin/grep -E'
EXEEXT=''
FGREP='/bin/grep -F'
GREP='/bin/grep'
INSTALL_DATA='${INSTALL} -m 644'
INSTALL_PROGRAM='${INSTALL}'
INSTALL_SCRIPT='${INSTALL}'
INSTALL_STRIP_PROGRAM='$(install_sh) -c -s'
LD='/home/jv/dev/emsdk_portable/emscripten/tag-1.34.4/emcc'
LDFLAGS=''
LIBOBJS=''
LIBS='-lm '
LIBTOOL='$(SHELL) $(top_builddir)/libtool'
LIPO=''
LN_S='ln -s'
LTLIBOBJS=''
MAKEINFO='${SHELL} /home/jv/git/glpk.js/glpk-4.57/missing --run makeinfo'
MANIFEST_TOOL=':'
MKDIR_P='/bin/mkdir -p'
NM='nm'
NMEDIT=''
OBJDUMP='objdump'
OBJEXT='o'
OTOOL64=''
OTOOL=''
PACKAGE='glpk'
PACKAGE_BUGREPORT='bug-glpk@gnu.org'
PACKAGE_NAME='GLPK'
PACKAGE_STRING='GLPK 4.57'
PACKAGE_TARNAME='glpk'
PACKAGE_URL=''
PACKAGE_VERSION='4.57'
PATH_SEPARATOR=':'
RANLIB='/home/jv/dev/emsdk_portable/emscripten/tag-1.34.4/emranlib'
SED='/bin/sed'
SET_MAKE=''
SHELL='/bin/sh'
STRIP='strip'
VERSION='4.57'
ac_ct_AR=''
ac_ct_CC=''
ac_ct_DUMPBIN='link -dump'
am__EXEEXT_FALSE=''
am__EXEEXT_TRUE='#'
am__fastdepCC_FALSE='#'
am__fastdepCC_TRUE=''
am__include='include'
am__isrc=''
am__leading_dot='.'
am__nodep='_no'
am__quote=''
am__tar='$${TAR-tar} chof - "$$tardir"'
am__untar='$${TAR-tar} xf -'
bindir='${exec_prefix}/bin'
build='x86_64-unknown-linux-gnu'
build_alias=''
build_cpu='x86_64'
build_os='linux-gnu'
build_vendor='unknown'
datadir='${datarootdir}'
datarootdir='${prefix}/share'
docdir='${datarootdir}/doc/${PACKAGE_TARNAME}'
dvidir='${docdir}'
exec_prefix='${prefix}'
host='none-none-none'
host_alias='none-none-none'
host_cpu='none'
host_os='none'
host_vendor='none'
htmldir='${docdir}'
includedir='${prefix}/include'
infodir='${datarootdir}/info'
install_sh='${SHELL} /home/jv/git/glpk.js/glpk-4.57/install-sh'
libdir='${exec_prefix}/lib'
libexecdir='${exec_prefix}/libexec'
localedir='${datarootdir}/locale'
localstatedir='${prefix}/var'
mandir='${datarootdir}/man'
mkdir_p='$(MKDIR_P)'
oldincludedir='/usr/include'
pdfdir='${docdir}'
prefix='/usr/local'
program_transform_name='s,x,x,'
psdir='${docdir}'
sbindir='${exec_prefix}/sbin'
sharedstatedir='${prefix}/com'
sysconfdir='${prefix}/etc'
target_alias=''

## ----------- ##
## confdefs.h. ##
## ----------- ##

/* confdefs.h */
#define PACKAGE_NAME "GLPK"
#define PACKAGE_TARNAME "glpk"
#define PACKAGE_VERSION "4.57"
#define PACKAGE_STRING "GLPK 4.57"
#define PACKAGE_BUGREPORT "bug-glpk@gnu.org"
#define PACKAGE_URL ""
#define PACKAGE "glpk"
#define VERSION "4.57"
#define STDC_HEADERS 1
#define HAVE_SYS_TYPES_H 1
#define HAVE_SYS_STAT_H 1
#define HAVE_STDLIB_H 1
#define HAVE_STRING_H 1
#define HAVE_MEMORY_H 1
#define HAVE_STRINGS_H 1
#define HAVE_INTTYPES_H 1
#define HAVE_STDINT_H 1
#define HAVE_UNISTD_H 1
#define HAVE_DLFCN_H 1
#define LT_OBJDIR ".libs/"
#define HAVE_LIBM 1
#define HAVE_SYS_TIME_H 1
#define HAVE_GETTIMEOFDAY 1

configure: exit 0
